[NX Daemon Server] - 2024-06-13T13:32:28.686Z - Started listening on: \\.\pipe\nx\C:\Users\basko\AppData\Local\Temp\c15211a7225dbc45b73c\d.sock
[NX Daemon Server] - 2024-06-13T13:32:28.690Z - [WATCHER]: Subscribed to changes within: C:\Users\basko\Documents\Work\Private\fb (native)
[NX Daemon Server] - 2024-06-13T13:32:28.691Z - Established a connection. Number of open connections: 1
[NX Daemon Server] - 2024-06-13T13:32:28.692Z - Closed a connection. Number of open connections: 0
[NX Daemon Server] - 2024-06-13T13:32:28.692Z - Established a connection. Number of open connections: 1
[NX Daemon Server] - 2024-06-13T13:32:28.696Z - [REQUEST]: Responding to the client. handleGlob
[NX Daemon Server] - 2024-06-13T13:32:28.696Z - Done responding to the client handleGlob
[NX Daemon Server] - 2024-06-13T13:32:28.696Z - Handled GLOB. Handling time: 3. Response time: 0.
[NX Daemon Server] - 2024-06-13T13:32:28.708Z - [REQUEST]: Responding to the client. handleHashGlob
[NX Daemon Server] - 2024-06-13T13:32:28.708Z - Done responding to the client handleHashGlob
[NX Daemon Server] - 2024-06-13T13:32:28.708Z - Handled HASH_GLOB. Handling time: 1. Response time: 0.
[NX Daemon Server] - 2024-06-13T13:32:29.424Z - [REQUEST]: Responding to the client. handleGlob
[NX Daemon Server] - 2024-06-13T13:32:29.424Z - Done responding to the client handleGlob
[NX Daemon Server] - 2024-06-13T13:32:29.424Z - Handled GLOB. Handling time: 1. Response time: 0.
[NX Daemon Server] - 2024-06-13T13:32:29.580Z - [REQUEST]: Responding to the client. handleGlob
[NX Daemon Server] - 2024-06-13T13:32:29.580Z - Done responding to the client handleGlob
[NX Daemon Server] - 2024-06-13T13:32:29.580Z - Handled GLOB. Handling time: 1. Response time: 0.
[NX Daemon Server] - 2024-06-13T13:32:29.582Z - [REQUEST]: Responding to the client. handleGlob
[NX Daemon Server] - 2024-06-13T13:32:29.582Z - Done responding to the client handleGlob
[NX Daemon Server] - 2024-06-13T13:32:29.582Z - Handled GLOB. Handling time: 1. Response time: 0.
[NX Daemon Server] - 2024-06-13T13:32:29.583Z - [REQUEST]: Responding to the client. handleGlob
[NX Daemon Server] - 2024-06-13T13:32:29.583Z - Done responding to the client handleGlob
[NX Daemon Server] - 2024-06-13T13:32:29.583Z - Handled GLOB. Handling time: 0. Response time: 0.
[NX Daemon Server] - 2024-06-13T13:32:29.585Z - [REQUEST]: Responding to the client. handleGlob
[NX Daemon Server] - 2024-06-13T13:32:29.585Z - Done responding to the client handleGlob
[NX Daemon Server] - 2024-06-13T13:32:29.585Z - Handled GLOB. Handling time: 1. Response time: 0.
[NX Daemon Server] - 2024-06-13T13:32:29.586Z - [REQUEST]: Responding to the client. handleGlob
[NX Daemon Server] - 2024-06-13T13:32:29.586Z - Done responding to the client handleGlob
[NX Daemon Server] - 2024-06-13T13:32:29.586Z - Handled GLOB. Handling time: 0. Response time: 0.
[NX Daemon Server] - 2024-06-13T13:32:29.589Z - [REQUEST]: Responding to the client. handleGlob
[NX Daemon Server] - 2024-06-13T13:32:29.589Z - Done responding to the client handleGlob
[NX Daemon Server] - 2024-06-13T13:32:29.589Z - Handled GLOB. Handling time: 1. Response time: 0.
[NX Daemon Server] - 2024-06-13T13:32:29.590Z - [REQUEST]: Responding to the client. handleGlob
[NX Daemon Server] - 2024-06-13T13:32:29.590Z - Done responding to the client handleGlob
[NX Daemon Server] - 2024-06-13T13:32:29.590Z - Handled GLOB. Handling time: 0. Response time: 0.
[NX Daemon Server] - 2024-06-13T13:32:29.592Z - [REQUEST]: Responding to the client. handleGlob
[NX Daemon Server] - 2024-06-13T13:32:29.592Z - Done responding to the client handleGlob
[NX Daemon Server] - 2024-06-13T13:32:29.592Z - Handled GLOB. Handling time: 1. Response time: 0.
[NX Daemon Server] - 2024-06-13T13:32:29.593Z - [REQUEST]: Responding to the client. handleGlob
[NX Daemon Server] - 2024-06-13T13:32:29.593Z - Done responding to the client handleGlob
[NX Daemon Server] - 2024-06-13T13:32:29.593Z - Handled GLOB. Handling time: 1. Response time: 0.
[NX Daemon Server] - 2024-06-13T13:32:29.594Z - [REQUEST]: Responding to the client. handleGlob
[NX Daemon Server] - 2024-06-13T13:32:29.594Z - Done responding to the client handleGlob
[NX Daemon Server] - 2024-06-13T13:32:29.594Z - Handled GLOB. Handling time: 1. Response time: 0.
[NX Daemon Server] - 2024-06-13T13:32:29.595Z - [REQUEST]: Responding to the client. handleHashGlob
[NX Daemon Server] - 2024-06-13T13:32:29.595Z - Done responding to the client handleHashGlob
[NX Daemon Server] - 2024-06-13T13:32:29.595Z - Handled HASH_GLOB. Handling time: 1. Response time: 0.
[NX Daemon Server] - 2024-06-13T13:32:30.225Z - [REQUEST]: Responding to the client. handleHashGlob
[NX Daemon Server] - 2024-06-13T13:32:30.225Z - Done responding to the client handleHashGlob
[NX Daemon Server] - 2024-06-13T13:32:30.225Z - Handled HASH_GLOB. Handling time: 1. Response time: 0.
[NX Daemon Server] - 2024-06-13T13:32:30.363Z - [REQUEST]: Responding to the client. handleHashGlob
[NX Daemon Server] - 2024-06-13T13:32:30.364Z - Done responding to the client handleHashGlob
[NX Daemon Server] - 2024-06-13T13:32:30.364Z - Handled HASH_GLOB. Handling time: 1. Response time: 1.
[NX Daemon Server] - 2024-06-13T13:32:30.377Z - [REQUEST]: Responding to the client. handleHashGlob
[NX Daemon Server] - 2024-06-13T13:32:30.377Z - Done responding to the client handleHashGlob
[NX Daemon Server] - 2024-06-13T13:32:30.377Z - Handled HASH_GLOB. Handling time: 1. Response time: 0.
[NX Daemon Server] - 2024-06-13T13:32:30.387Z - [REQUEST]: Responding to the client. handleHashGlob
[NX Daemon Server] - 2024-06-13T13:32:30.387Z - Done responding to the client handleHashGlob
[NX Daemon Server] - 2024-06-13T13:32:30.387Z - Handled HASH_GLOB. Handling time: 1. Response time: 0.
[NX Daemon Server] - 2024-06-13T13:32:30.401Z - [REQUEST]: Responding to the client. handleNxWorkspaceFiles
[NX Daemon Server] - 2024-06-13T13:32:30.401Z - Done responding to the client handleNxWorkspaceFiles
[NX Daemon Server] - 2024-06-13T13:32:30.401Z - Handled GET_NX_WORKSPACE_FILES. Handling time: 1. Response time: 0.
[NX Daemon Server] - 2024-06-13T13:32:30.453Z - Closed a connection. Number of open connections: 0
[NX Daemon Server] - 2024-06-13T13:34:45.021Z - Started listening on: \\.\pipe\nx\C:\Users\basko\AppData\Local\Temp\c15211a7225dbc45b73c\d.sock
[NX Daemon Server] - 2024-06-13T13:34:45.024Z - [WATCHER]: Subscribed to changes within: C:\Users\basko\Documents\Work\Private\fb (native)
[NX Daemon Server] - 2024-06-13T13:34:45.025Z - Established a connection. Number of open connections: 1
[NX Daemon Server] - 2024-06-13T13:34:45.026Z - Established a connection. Number of open connections: 2
[NX Daemon Server] - 2024-06-13T13:34:45.026Z - Closed a connection. Number of open connections: 1
[NX Daemon Server] - 2024-06-13T13:34:45.028Z - [REQUEST]: Client Request for Project Graph Received
[NX Daemon Server] - 2024-06-13T13:34:45.131Z - [REQUEST]: Updated workspace context based on watched changes, recomputing project graph...
[NX Daemon Server] - 2024-06-13T13:34:45.131Z - [REQUEST]: 
[NX Daemon Server] - 2024-06-13T13:34:45.131Z - [REQUEST]: 
[NX Daemon Server] - 2024-06-13T13:34:46.640Z - [REQUEST]: Responding to the client. project-graph
[NX Daemon Server] - 2024-06-13T13:34:46.641Z - Time taken for 'total for creating and serializing project graph' 1612.1197ms
[NX Daemon Server] - 2024-06-13T13:34:46.641Z - Done responding to the client project-graph
[NX Daemon Server] - 2024-06-13T13:34:46.641Z - Handled REQUEST_PROJECT_GRAPH. Handling time: 1612. Response time: 1.
[NX Daemon Server] - 2024-06-13T13:40:11.578Z - [WATCHER]: Processing file changes in outputs
[NX Daemon Server] - 2024-06-13T13:40:11.580Z - [WATCHER]: package.json was modified
[NX Daemon Server] - 2024-06-13T13:40:11.688Z - [REQUEST]: Updated workspace context based on watched changes, recomputing project graph...
[NX Daemon Server] - 2024-06-13T13:40:11.688Z - [REQUEST]: package.json
[NX Daemon Server] - 2024-06-13T13:40:11.688Z - [REQUEST]: 
[NX Daemon Server] - 2024-06-13T13:40:11.983Z - Time taken for 'hash changed files from watcher' 0.20679999998537824ms
[NX Daemon Server] - 2024-06-13T13:40:13.498Z - [WATCHER]: Processing file changes in outputs
[NX Daemon Server] - 2024-06-13T13:40:13.500Z - [WATCHER]: Stopping the watcher for C:\Users\basko\Documents\Work\Private\fb (sources)
[NX Daemon Server] - 2024-06-13T13:40:13.501Z - [WATCHER]: Stopping the watcher for C:\Users\basko\Documents\Work\Private\fb (outputs)
[NX Daemon Server] - 2024-06-13T13:40:13.501Z - Server stopped because: "LOCK_FILES_CHANGED"
[NX Daemon Server] - 2024-06-13T13:40:46.354Z - Started listening on: \\.\pipe\nx\C:\Users\basko\AppData\Local\Temp\c15211a7225dbc45b73c\d.sock
[NX Daemon Server] - 2024-06-13T13:40:46.359Z - [WATCHER]: Subscribed to changes within: C:\Users\basko\Documents\Work\Private\fb (native)
[NX Daemon Server] - 2024-06-13T13:40:46.361Z - Established a connection. Number of open connections: 1
[NX Daemon Server] - 2024-06-13T13:40:46.363Z - Closed a connection. Number of open connections: 0
[NX Daemon Server] - 2024-06-13T13:40:46.363Z - Established a connection. Number of open connections: 1
[NX Daemon Server] - 2024-06-13T13:40:46.365Z - [REQUEST]: Client Request for Project Graph Received
[NX Daemon Server] - 2024-06-13T13:40:46.511Z - [REQUEST]: Updated workspace context based on watched changes, recomputing project graph...
[NX Daemon Server] - 2024-06-13T13:40:46.511Z - [REQUEST]: 
[NX Daemon Server] - 2024-06-13T13:40:46.511Z - [REQUEST]: 
[NX Daemon Server] - 2024-06-13T13:40:48.714Z - [REQUEST]: Responding to the client. project-graph
[NX Daemon Server] - 2024-06-13T13:40:48.715Z - Time taken for 'total for creating and serializing project graph' 2348.6141000000002ms
[NX Daemon Server] - 2024-06-13T13:40:48.716Z - Done responding to the client project-graph
[NX Daemon Server] - 2024-06-13T13:40:48.716Z - Handled REQUEST_PROJECT_GRAPH. Handling time: 2349. Response time: 2.
[NX Daemon Server] - 2024-06-13T13:40:48.721Z - [REQUEST]: Responding to the client. handleContextFileData
[NX Daemon Server] - 2024-06-13T13:40:48.722Z - Done responding to the client handleContextFileData
[NX Daemon Server] - 2024-06-13T13:40:48.722Z - Handled GET_CONTEXT_FILE_DATA. Handling time: 0. Response time: 1.
[NX Daemon Server] - 2024-06-13T13:40:48.723Z - Closed a connection. Number of open connections: 0
[NX Daemon Server] - 2024-06-13T13:42:29.186Z - Started listening on: \\.\pipe\nx\C:\Users\basko\AppData\Local\Temp\c15211a7225dbc45b73c\d.sock
[NX Daemon Server] - 2024-06-13T13:42:29.188Z - [WATCHER]: Subscribed to changes within: C:\Users\basko\Documents\Work\Private\fb (native)
[NX Daemon Server] - 2024-06-13T13:42:29.198Z - Established a connection. Number of open connections: 1
[NX Daemon Server] - 2024-06-13T13:42:29.199Z - Closed a connection. Number of open connections: 0
[NX Daemon Server] - 2024-06-13T13:42:29.199Z - Established a connection. Number of open connections: 1
[NX Daemon Server] - 2024-06-13T13:42:29.200Z - [REQUEST]: Client Request for Project Graph Received
[NX Daemon Server] - 2024-06-13T13:42:29.304Z - [REQUEST]: Updated workspace context based on watched changes, recomputing project graph...
[NX Daemon Server] - 2024-06-13T13:42:29.304Z - [REQUEST]: 
[NX Daemon Server] - 2024-06-13T13:42:29.304Z - [REQUEST]: 
[NX Daemon Server] - 2024-06-13T13:42:30.293Z - [REQUEST]: Responding to the client. project-graph
[NX Daemon Server] - 2024-06-13T13:42:30.294Z - Time taken for 'total for creating and serializing project graph' 1092.7779999999998ms
[NX Daemon Server] - 2024-06-13T13:42:30.295Z - Done responding to the client project-graph
[NX Daemon Server] - 2024-06-13T13:42:30.295Z - Handled REQUEST_PROJECT_GRAPH. Handling time: 1093. Response time: 2.
[NX Daemon Server] - 2024-06-13T13:42:30.308Z - [REQUEST]: Responding to the client. handleContextFileData
[NX Daemon Server] - 2024-06-13T13:42:30.308Z - Done responding to the client handleContextFileData
[NX Daemon Server] - 2024-06-13T13:42:30.308Z - Handled GET_CONTEXT_FILE_DATA. Handling time: 0. Response time: 0.
[NX Daemon Server] - 2024-06-13T13:42:30.309Z - Closed a connection. Number of open connections: 0
[NX Daemon Server] - 2024-06-13T13:43:32.240Z - Started listening on: \\.\pipe\nx\C:\Users\basko\AppData\Local\Temp\c15211a7225dbc45b73c\d.sock
[NX Daemon Server] - 2024-06-13T13:43:32.243Z - [WATCHER]: Subscribed to changes within: C:\Users\basko\Documents\Work\Private\fb (native)
[NX Daemon Server] - 2024-06-13T13:43:32.244Z - Established a connection. Number of open connections: 1
[NX Daemon Server] - 2024-06-13T13:43:32.244Z - Established a connection. Number of open connections: 2
[NX Daemon Server] - 2024-06-13T13:43:32.245Z - Closed a connection. Number of open connections: 1
[NX Daemon Server] - 2024-06-13T13:43:32.246Z - [REQUEST]: Client Request for Project Graph Received
[NX Daemon Server] - 2024-06-13T13:43:32.361Z - [REQUEST]: Updated workspace context based on watched changes, recomputing project graph...
[NX Daemon Server] - 2024-06-13T13:43:32.361Z - [REQUEST]: 
[NX Daemon Server] - 2024-06-13T13:43:32.361Z - [REQUEST]: 
[NX Daemon Server] - 2024-06-13T13:43:33.262Z - Started listening on: \\.\pipe\nx\C:\Users\basko\AppData\Local\Temp\c15211a7225dbc45b73c\d.sock
[NX Daemon Server] - 2024-06-13T13:43:33.265Z - [WATCHER]: Subscribed to changes within: C:\Users\basko\Documents\Work\Private\fb (native)
[NX Daemon Server] - 2024-06-13T13:43:33.271Z - Established a connection. Number of open connections: 1
[NX Daemon Server] - 2024-06-13T13:43:33.273Z - Closed a connection. Number of open connections: 0
[NX Daemon Server] - 2024-06-13T13:43:33.273Z - Established a connection. Number of open connections: 1
[NX Daemon Server] - 2024-06-13T13:43:33.275Z - [REQUEST]: Responding to the client. handleGlob
[NX Daemon Server] - 2024-06-13T13:43:33.275Z - Done responding to the client handleGlob
[NX Daemon Server] - 2024-06-13T13:43:33.275Z - Handled GLOB. Handling time: 1. Response time: 0.
[NX Daemon Server] - 2024-06-13T13:43:33.302Z - [REQUEST]: Responding to the client. handleHashGlob
[NX Daemon Server] - 2024-06-13T13:43:33.302Z - Done responding to the client handleHashGlob
[NX Daemon Server] - 2024-06-13T13:43:33.302Z - Handled HASH_GLOB. Handling time: 1. Response time: 0.
[NX Daemon Server] - 2024-06-13T13:43:34.207Z - [REQUEST]: Responding to the client. handleGlob
[NX Daemon Server] - 2024-06-13T13:43:34.207Z - Done responding to the client handleGlob
[NX Daemon Server] - 2024-06-13T13:43:34.207Z - Handled GLOB. Handling time: 0. Response time: 0.
[NX Daemon Server] - 2024-06-13T13:43:34.358Z - [REQUEST]: Responding to the client. handleGlob
[NX Daemon Server] - 2024-06-13T13:43:34.358Z - Done responding to the client handleGlob
[NX Daemon Server] - 2024-06-13T13:43:34.358Z - Handled GLOB. Handling time: 1. Response time: 0.
[NX Daemon Server] - 2024-06-13T13:43:34.359Z - [REQUEST]: Responding to the client. handleGlob
[NX Daemon Server] - 2024-06-13T13:43:34.359Z - Done responding to the client handleGlob
[NX Daemon Server] - 2024-06-13T13:43:34.359Z - Handled GLOB. Handling time: 0. Response time: 0.
[NX Daemon Server] - 2024-06-13T13:43:34.361Z - [REQUEST]: Responding to the client. handleGlob
[NX Daemon Server] - 2024-06-13T13:43:34.361Z - Done responding to the client handleGlob
[NX Daemon Server] - 2024-06-13T13:43:34.361Z - Handled GLOB. Handling time: 1. Response time: 0.
[NX Daemon Server] - 2024-06-13T13:43:34.362Z - [REQUEST]: Responding to the client. handleGlob
[NX Daemon Server] - 2024-06-13T13:43:34.362Z - Done responding to the client handleGlob
[NX Daemon Server] - 2024-06-13T13:43:34.362Z - Handled GLOB. Handling time: 0. Response time: 0.
[NX Daemon Server] - 2024-06-13T13:43:34.363Z - [REQUEST]: Responding to the client. handleGlob
[NX Daemon Server] - 2024-06-13T13:43:34.363Z - Done responding to the client handleGlob
[NX Daemon Server] - 2024-06-13T13:43:34.363Z - Handled GLOB. Handling time: 0. Response time: 0.
[NX Daemon Server] - 2024-06-13T13:43:34.365Z - [REQUEST]: Responding to the client. handleGlob
[NX Daemon Server] - 2024-06-13T13:43:34.365Z - Done responding to the client handleGlob
[NX Daemon Server] - 2024-06-13T13:43:34.365Z - Handled GLOB. Handling time: 0. Response time: 0.
[NX Daemon Server] - 2024-06-13T13:43:34.366Z - [REQUEST]: Responding to the client. handleGlob
[NX Daemon Server] - 2024-06-13T13:43:34.367Z - Done responding to the client handleGlob
[NX Daemon Server] - 2024-06-13T13:43:34.367Z - Handled GLOB. Handling time: 0. Response time: 1.
[NX Daemon Server] - 2024-06-13T13:43:34.368Z - [REQUEST]: Responding to the client. handleGlob
[NX Daemon Server] - 2024-06-13T13:43:34.368Z - Done responding to the client handleGlob
[NX Daemon Server] - 2024-06-13T13:43:34.368Z - Handled GLOB. Handling time: 1. Response time: 0.
[NX Daemon Server] - 2024-06-13T13:43:34.369Z - [REQUEST]: Responding to the client. handleGlob
[NX Daemon Server] - 2024-06-13T13:43:34.369Z - Done responding to the client handleGlob
[NX Daemon Server] - 2024-06-13T13:43:34.369Z - Handled GLOB. Handling time: 0. Response time: 0.
[NX Daemon Server] - 2024-06-13T13:43:34.370Z - [REQUEST]: Responding to the client. handleGlob
[NX Daemon Server] - 2024-06-13T13:43:34.370Z - Done responding to the client handleGlob
[NX Daemon Server] - 2024-06-13T13:43:34.370Z - Handled GLOB. Handling time: 0. Response time: 0.
[NX Daemon Server] - 2024-06-13T13:43:34.372Z - [REQUEST]: Responding to the client. handleHashGlob
[NX Daemon Server] - 2024-06-13T13:43:34.372Z - Done responding to the client handleHashGlob
[NX Daemon Server] - 2024-06-13T13:43:34.372Z - Handled HASH_GLOB. Handling time: 1. Response time: 0.
[NX Daemon Server] - 2024-06-13T13:43:35.224Z - [REQUEST]: Responding to the client. handleHashGlob
[NX Daemon Server] - 2024-06-13T13:43:35.224Z - Done responding to the client handleHashGlob
[NX Daemon Server] - 2024-06-13T13:43:35.224Z - Handled HASH_GLOB. Handling time: 0. Response time: 0.
[NX Daemon Server] - 2024-06-13T13:43:35.226Z - [REQUEST]: Responding to the client. handleHashGlob
[NX Daemon Server] - 2024-06-13T13:43:35.226Z - Done responding to the client handleHashGlob
[NX Daemon Server] - 2024-06-13T13:43:35.226Z - Handled HASH_GLOB. Handling time: 1. Response time: 0.
[NX Daemon Server] - 2024-06-13T13:43:35.228Z - [REQUEST]: Responding to the client. handleHashGlob
[NX Daemon Server] - 2024-06-13T13:43:35.228Z - Done responding to the client handleHashGlob
[NX Daemon Server] - 2024-06-13T13:43:35.228Z - Handled HASH_GLOB. Handling time: 1. Response time: 0.
[NX Daemon Server] - 2024-06-13T13:43:35.229Z - [REQUEST]: Responding to the client. handleHashGlob
[NX Daemon Server] - 2024-06-13T13:43:35.229Z - Done responding to the client handleHashGlob
[NX Daemon Server] - 2024-06-13T13:43:35.229Z - Handled HASH_GLOB. Handling time: 0. Response time: 0.
[NX Daemon Server] - 2024-06-13T13:43:35.235Z - [REQUEST]: Responding to the client. handleNxWorkspaceFiles
[NX Daemon Server] - 2024-06-13T13:43:35.235Z - Done responding to the client handleNxWorkspaceFiles
[NX Daemon Server] - 2024-06-13T13:43:35.235Z - Handled GET_NX_WORKSPACE_FILES. Handling time: 1. Response time: 0.
[NX Daemon Server] - 2024-06-13T13:43:35.260Z - [REQUEST]: Responding to the client. handleContextFileData
[NX Daemon Server] - 2024-06-13T13:43:35.260Z - Done responding to the client handleContextFileData
[NX Daemon Server] - 2024-06-13T13:43:35.260Z - Handled GET_CONTEXT_FILE_DATA. Handling time: 0. Response time: 0.
[NX Daemon Server] - 2024-06-13T13:43:35.260Z - Closed a connection. Number of open connections: 0
[NX Daemon Server] - 2024-06-13T13:43:36.579Z - [WATCHER]: Processing file changes in outputs
[NX Daemon Server] - 2024-06-13T13:43:36.581Z - [WATCHER]: package.json was modified
[NX Daemon Server] - 2024-06-13T13:43:36.827Z - [REQUEST]: Updated workspace context based on watched changes, recomputing project graph...
[NX Daemon Server] - 2024-06-13T13:43:36.827Z - [REQUEST]: package.json
[NX Daemon Server] - 2024-06-13T13:43:36.827Z - [REQUEST]: 
[NX Daemon Server] - 2024-06-13T13:43:37.852Z - Time taken for 'Load Nx Plugin: C:\Users\basko\Documents\Work\Private\fb\node_modules\nx\src\plugins\project-json\build-nodes\package-json-next-to-project-json' 135.52179999999998ms
[NX Daemon Server] - 2024-06-13T13:43:41.067Z - [WATCHER]: Processing file changes in outputs
[NX Daemon Server] - 2024-06-13T13:43:41.067Z - [WATCHER]: Stopping the watcher for C:\Users\basko\Documents\Work\Private\fb (sources)
[NX Daemon Server] - 2024-06-13T13:43:41.067Z - [WATCHER]: Stopping the watcher for C:\Users\basko\Documents\Work\Private\fb (outputs)
[NX Daemon Server] - 2024-06-13T13:43:41.067Z - Server stopped because: "LOCK_FILES_CHANGED"
