Daemon process terminated and closed the connection

Messages from the log:
[NX Daemon Server] - 2024-06-13T13:42:29.304Z - [REQUEST]: 
[NX Daemon Server] - 2024-06-13T13:42:29.304Z - [REQUEST]: 
[NX Daemon Server] - 2024-06-13T13:42:30.293Z - [REQUEST]: Responding to the client. project-graph
[NX Daemon Server] - 2024-06-13T13:42:30.294Z - Time taken for 'total for creating and serializing project graph' 1092.7779999999998ms
[NX Daemon Server] - 2024-06-13T13:42:30.295Z - Done responding to the client project-graph
[NX Daemon Server] - 2024-06-13T13:42:30.295Z - Handled REQUEST_PROJECT_GRAPH. Handling time: 1093. Response time: 2.
[NX Daemon Server] - 2024-06-13T13:42:30.308Z - [REQUEST]: Responding to the client. handleContextFileData
[NX Daemon Server] - 2024-06-13T13:42:30.308Z - Done responding to the client handleContextFileData
[NX Daemon Server] - 2024-06-13T13:42:30.308Z - Handled GET_CONTEXT_FILE_DATA. Handling time: 0. Response time: 0.
[NX Daemon Server] - 2024-06-13T13:42:30.309Z - Closed a connection. Number of open connections: 0
[NX Daemon Server] - 2024-06-13T13:43:32.240Z - Started listening on: \\.\pipe\nx\C:\Users\basko\AppData\Local\Temp\c15211a7225dbc45b73c\d.sock
[NX Daemon Server] - 2024-06-13T13:43:32.243Z - [WATCHER]: Subscribed to changes within: C:\Users\basko\Documents\Work\Private\fb (native)
[NX Daemon Server] - 2024-06-13T13:43:32.244Z - Established a connection. Number of open connections: 1
[NX Daemon Server] - 2024-06-13T13:43:32.244Z - Established a connection. Number of open connections: 2
[NX Daemon Server] - 2024-06-13T13:43:32.245Z - Closed a connection. Number of open connections: 1
[NX Daemon Server] - 2024-06-13T13:43:32.246Z - [REQUEST]: Client Request for Project Graph Received
[NX Daemon Server] - 2024-06-13T13:43:32.361Z - [REQUEST]: Updated workspace context based on watched changes, recomputing project graph...
[NX Daemon Server] - 2024-06-13T13:43:32.361Z - [REQUEST]: 
[NX Daemon Server] - 2024-06-13T13:43:32.361Z - [REQUEST]: 



More information: C:\Users\basko\Documents\Work\Private\fb\.nx\workspace-data\d\daemon.log